\BOOKMARK [0][-]{chapter*.2}{APROBACI\323N DEL TUTOR}{}% 1
\BOOKMARK [0][-]{chapter*.3}{AUTOR\315A}{}% 2
\BOOKMARK [0][-]{section*.5}{DERECHOS DE AUTOR}{}% 3
\BOOKMARK [0][-]{section*.7}{Aprobaci\363n del tribunal de Grado}{}% 4
\BOOKMARK [0][-]{section*.9}{Dedicatoria}{}% 5
\BOOKMARK [0][-]{section*.11}{Agradecimiento}{}% 6
\BOOKMARK [0][-]{section*.13}{Resumen Ejecutivo}{}% 7
\BOOKMARK [0][-]{section*.15}{Abstract}{}% 8
\BOOKMARK [0][-]{section*.17}{Introducci\363n}{}% 9
\BOOKMARK [0][-]{chapter.1}{Marco Te\363rico}{}% 10
\BOOKMARK [1][-]{section.1.1}{Tema de investigaci\363n}{chapter.1}% 11
\BOOKMARK [1][-]{section.1.2}{Antecedentes investigativos}{chapter.1}% 12
\BOOKMARK [2][-]{subsection.1.2.1}{Contextualizaci\363n del problema}{section.1.2}% 13
\BOOKMARK [2][-]{subsection.1.2.2}{Delimitaci\363n}{section.1.2}% 14
\BOOKMARK [2][-]{subsection.1.2.3}{Justificaci\363n}{section.1.2}% 15
\BOOKMARK [1][-]{section.1.3}{Fundamentaci\363n te\363rica}{chapter.1}% 16
\BOOKMARK [1][-]{section.1.4}{Objetivos}{chapter.1}% 17
\BOOKMARK [2][-]{subsection.1.4.1}{General}{section.1.4}% 18
\BOOKMARK [2][-]{subsection.1.4.2}{Espec\355ficos}{section.1.4}% 19
\BOOKMARK [0][-]{chapter.2}{Metodolog\355a}{}% 20
\BOOKMARK [1][-]{section.2.1}{M\351todos}{chapter.2}% 21
\BOOKMARK [2][-]{subsection.2.1.1}{Modalidad de la investigaci\363n}{section.2.1}% 22
\BOOKMARK [2][-]{subsection.2.1.2}{Poblaci\363n y muestra}{section.2.1}% 23
\BOOKMARK [2][-]{subsection.2.1.3}{Procesamiento y an\341lisis de datos}{section.2.1}% 24
\BOOKMARK [0][-]{chapter.3}{Resultados y Discusi\363n}{}% 25
\BOOKMARK [1][-]{section.3.1}{An\341lisis y discusi\363n de los resultados}{chapter.3}% 26
\BOOKMARK [2][-]{subsection.3.1.1}{Estudio de Frameworks para el desarrollo del proyecto}{section.3.1}% 27
\BOOKMARK [2][-]{subsection.3.1.2}{Comparaci\363n de diferentes motores de juegos para la creaci\363n de la aplicaci\363n}{section.3.1}% 28
\BOOKMARK [2][-]{subsection.3.1.3}{Componentes de la interfaz de Unity}{section.3.1}% 29
\BOOKMARK [2][-]{subsection.3.1.4}{Selecci\363n de metodolog\355as \341giles para el desarrollo de videojuegos}{section.3.1}% 30
\BOOKMARK [2][-]{subsection.3.1.5}{Comparaci\363n de metodolog\355as \341giles para el desarrollo de videojuegos}{section.3.1}% 31
\BOOKMARK [1][-]{section.3.2}{Implementaci\363n del videojuego educativo en 2D enfocado al aprendizaje de la cultura inca ecuatoriana}{chapter.3}% 32
\BOOKMARK [2][-]{subsection.3.2.1}{Fase Pre-juego}{section.3.2}% 33
\BOOKMARK [2][-]{subsection.3.2.2}{Fase de juego}{section.3.2}% 34
\BOOKMARK [2][-]{subsection.3.2.3}{Fase Post-Juego}{section.3.2}% 35
\BOOKMARK [0][-]{chapter.4}{Conclusiones y recomendaciones}{}% 36
\BOOKMARK [1][-]{section.4.1}{Conclusiones}{chapter.4}% 37
\BOOKMARK [1][-]{section.4.2}{Recomendaciones}{chapter.4}% 38
\BOOKMARK [0][-]{section*.113}{Bibliograf\355a}{}% 39
\BOOKMARK [0][-]{appendix.A}{Tarjetas de tareas}{}% 40
